android - AS/UIAppTemplate/build/outputs/logs/manifest-merger-debug-report.txt
-- Merging decision tree log ---
manifest
ADDED from android - AS/UIAppTemplate/AndroidManifest.xml:2:1-175:12
	package
		ADDED from android - AS/UIAppTemplate/AndroidManifest.xml:3:5-47
	android:versionName
		ADDED from android - AS/UIAppTemplate/AndroidManifest.xml:5:5-32
		INJECTED from android - AS/UIAppTemplate/AndroidManifest.xml
		INJECTED from android - AS/UIAppTemplate/AndroidManifest.xml
	android:versionCode
		ADDED from android - AS/UIAppTemplate/AndroidManifest.xml:4:5-28
		INJECTED from android - AS/UIAppTemplate/AndroidManifest.xml
		INJECTED from android - AS/UIAppTemplate/AndroidManifest.xml
	xmlns:android
		ADDED from android - AS/UIAppTemplate/AndroidManifest.xml:2:11-69
uses-sdk
ADDED from android - AS/UIAppTemplate/AndroidManifest.xml:7:5-9:41
MERGED from [android - AS:StickyListHeaders:unspecified] AndroidManifest.xml:7:5-9:41
MERGED from [android - AS:android-support-v7-appcompat:unspecified] AndroidManifest.xml:20:5-43
MERGED from [com.google.android.gms:play-services-appindexing:8.4.0] AndroidManifest.xml:18:5-42
MERGED from [com.google.android.gms:play-services-base:8.4.0] AndroidManifest.xml:18:5-42
MERGED from [com.google.android.gms:play-services-basement:8.4.0] AndroidManifest.xml:18:5-42
MERGED from [com.android.support:recyclerview-v7:23.1.1] AndroidManifest.xml:20:5-43
MERGED from [com.android.support:support-v4:23.1.1] AndroidManifest.xml:20:5-43
	android:targetSdkVersion
		ADDED from android - AS/UIAppTemplate/AndroidManifest.xml:9:9-38
	android:minSdkVersion
		ADDED from android - AS/UIAppTemplate/AndroidManifest.xml:8:9-35
uses-permission#android.permission.ACCESS_NETWORK_STATE
ADDED from android - AS/UIAppTemplate/AndroidManifest.xml:11:5-79
	android:name
		ADDED from android - AS/UIAppTemplate/AndroidManifest.xml:11:22-76
uses-permission#android.permission.INTERNET
ADDED from android - AS/UIAppTemplate/AndroidManifest.xml:12:5-67
	android:name
		ADDED from android - AS/UIAppTemplate/AndroidManifest.xml:12:22-64
uses-permission#android.permission.WRITE_EXTERNAL_STORAGE
ADDED from android - AS/UIAppTemplate/AndroidManifest.xml:14:5-81
	android:name
		ADDED from android - AS/UIAppTemplate/AndroidManifest.xml:14:22-78
uses-permission#android.permission.READ_PHONE_STATE
ADDED from android - AS/UIAppTemplate/AndroidManifest.xml:15:5-75
	android:name
		ADDED from android - AS/UIAppTemplate/AndroidManifest.xml:15:22-72
uses-permission#android.permission.READ_EXTERNAL_STORAGE
ADDED from android - AS/UIAppTemplate/AndroidManifest.xml:16:5-80
	android:name
		ADDED from android - AS/UIAppTemplate/AndroidManifest.xml:16:22-77
application
ADDED from android - AS/UIAppTemplate/AndroidManifest.xml:18:5-173:19
MERGED from [android - AS:android-support-v7-appcompat:unspecified] AndroidManifest.xml:22:5-20
MERGED from [com.google.android.gms:play-services-appindexing:8.4.0] AndroidManifest.xml:19:5-20
MERGED from [com.google.android.gms:play-services-basement:8.4.0] AndroidManifest.xml:20:5-24:19
MERGED from [com.android.support:support-v4:23.1.1] AndroidManifest.xml:22:5-20
	android:label
		ADDED from android - AS/UIAppTemplate/AndroidManifest.xml:21:9-41
	android:allowBackup
		ADDED from android - AS/UIAppTemplate/AndroidManifest.xml:19:9-35
	android:icon
		ADDED from android - AS/UIAppTemplate/AndroidManifest.xml:20:9-45
	android:theme
		ADDED from android - AS/UIAppTemplate/AndroidManifest.xml:22:9-40
activity#com.csform.android.uiapptemplate.TabTravelActivity
ADDED from android - AS/UIAppTemplate/AndroidManifest.xml:23:9-32:20
	android:label
		ADDED from android - AS/UIAppTemplate/AndroidManifest.xml:25:13-45
	android:theme
		ADDED from android - AS/UIAppTemplate/AndroidManifest.xml:26:13-56
	android:name
		ADDED from android - AS/UIAppTemplate/AndroidManifest.xml:24:13-46
intent-filter#android.intent.action.MAIN+android.intent.category.LAUNCHER
ADDED from android - AS/UIAppTemplate/AndroidManifest.xml:27:13-31:29
action#android.intent.action.MAIN
ADDED from android - AS/UIAppTemplate/AndroidManifest.xml:28:17-69
	android:name
		ADDED from android - AS/UIAppTemplate/AndroidManifest.xml:28:25-66
category#android.intent.category.LAUNCHER
ADDED from android - AS/UIAppTemplate/AndroidManifest.xml:30:17-77
	android:name
		ADDED from android - AS/UIAppTemplate/AndroidManifest.xml:30:27-74
activity#com.csform.android.uiapptemplate.ParallaxKenBurnsActivity
ADDED from android - AS/UIAppTemplate/AndroidManifest.xml:33:9-35:55
	android:theme
		ADDED from android - AS/UIAppTemplate/AndroidManifest.xml:35:13-52
	android:name
		ADDED from android - AS/UIAppTemplate/AndroidManifest.xml:34:13-53
activity#com.csform.android.uiapptemplate.ParallaxActivity
ADDED from android - AS/UIAppTemplate/AndroidManifest.xml:36:9-54
	android:name
		ADDED from android - AS/UIAppTemplate/AndroidManifest.xml:36:19-51
activity#com.csform.android.uiapptemplate.ParallaxTravelActivity
ADDED from android - AS/UIAppTemplate/AndroidManifest.xml:37:9-60
	android:name
		ADDED from android - AS/UIAppTemplate/AndroidManifest.xml:37:19-57
activity#com.csform.android.uiapptemplate.ParallaxSocialActivity
ADDED from android - AS/UIAppTemplate/AndroidManifest.xml:38:9-60
	android:name
		ADDED from android - AS/UIAppTemplate/AndroidManifest.xml:38:19-57
activity#com.csform.android.uiapptemplate.ParallaxMediaActivity
ADDED from android - AS/UIAppTemplate/AndroidManifest.xml:39:9-59
	android:name
		ADDED from android - AS/UIAppTemplate/AndroidManifest.xml:39:19-56
activity#com.csform.android.uiapptemplate.ParallaxShopActivity
ADDED from android - AS/UIAppTemplate/AndroidManifest.xml:40:9-58
	android:name
		ADDED from android - AS/UIAppTemplate/AndroidManifest.xml:40:19-55
activity#com.csform.android.uiapptemplate.ImageGalleryCategoryActivity
ADDED from android - AS/UIAppTemplate/AndroidManifest.xml:41:9-43:56
	android:theme
		ADDED from android - AS/UIAppTemplate/AndroidManifest.xml:43:13-53
	android:name
		ADDED from android - AS/UIAppTemplate/AndroidManifest.xml:42:13-57
activity#com.csform.android.uiapptemplate.ImageGallerySubcategoryActivity
ADDED from android - AS/UIAppTemplate/AndroidManifest.xml:44:9-46:56
	android:theme
		ADDED from android - AS/UIAppTemplate/AndroidManifest.xml:46:13-53
	android:name
		ADDED from android - AS/UIAppTemplate/AndroidManifest.xml:45:13-60
activity#com.csform.android.uiapptemplate.LogInPageActivity
ADDED from android - AS/UIAppTemplate/AndroidManifest.xml:47:9-49:52
	android:screenOrientation
		ADDED from android - AS/UIAppTemplate/AndroidManifest.xml:49:13-49
	android:name
		ADDED from android - AS/UIAppTemplate/AndroidManifest.xml:48:13-46
activity#com.csform.android.uiapptemplate.RegisterPageActivity
ADDED from android - AS/UIAppTemplate/AndroidManifest.xml:50:9-52:52
	android:screenOrientation
		ADDED from android - AS/UIAppTemplate/AndroidManifest.xml:52:13-49
	android:name
		ADDED from android - AS/UIAppTemplate/AndroidManifest.xml:51:13-49
activity#com.csform.android.uiapptemplate.RegisterShopPageActivity
ADDED from android - AS/UIAppTemplate/AndroidManifest.xml:53:9-55:52
	android:screenOrientation
		ADDED from android - AS/UIAppTemplate/AndroidManifest.xml:55:13-49
	android:name
		ADDED from android - AS/UIAppTemplate/AndroidManifest.xml:54:13-53
activity#com.csform.android.uiapptemplate.SplashScreensActivity
ADDED from android - AS/UIAppTemplate/AndroidManifest.xml:56:9-59
	android:name
		ADDED from android - AS/UIAppTemplate/AndroidManifest.xml:56:19-56
activity#com.csform.android.uiapptemplate.ListViewsActivity
ADDED from android - AS/UIAppTemplate/AndroidManifest.xml:57:9-55
	android:name
		ADDED from android - AS/UIAppTemplate/AndroidManifest.xml:57:19-52
activity#com.csform.android.uiapptemplate.LeftMenusActivity
ADDED from android - AS/UIAppTemplate/AndroidManifest.xml:58:9-60:59
	android:theme
		ADDED from android - AS/UIAppTemplate/AndroidManifest.xml:60:13-56
	android:name
		ADDED from android - AS/UIAppTemplate/AndroidManifest.xml:59:13-46
activity#com.csform.android.uiapptemplate.LeftMenusTravelActivity
ADDED from android - AS/UIAppTemplate/AndroidManifest.xml:61:9-63:59
	android:theme
		ADDED from android - AS/UIAppTemplate/AndroidManifest.xml:63:13-56
	android:name
		ADDED from android - AS/UIAppTemplate/AndroidManifest.xml:62:13-52
activity#com.csform.android.uiapptemplate.LeftMenusSocialActivity
ADDED from android - AS/UIAppTemplate/AndroidManifest.xml:64:9-66:59
	android:theme
		ADDED from android - AS/UIAppTemplate/AndroidManifest.xml:66:13-56
	android:name
		ADDED from android - AS/UIAppTemplate/AndroidManifest.xml:65:13-52
activity#com.csform.android.uiapptemplate.LeftMenusMediaActivity
ADDED from android - AS/UIAppTemplate/AndroidManifest.xml:67:9-69:59
	android:theme
		ADDED from android - AS/UIAppTemplate/AndroidManifest.xml:69:13-56
	android:name
		ADDED from android - AS/UIAppTemplate/AndroidManifest.xml:68:13-51
activity#com.csform.android.uiapptemplate.LeftMenusShopActivity
ADDED from android - AS/UIAppTemplate/AndroidManifest.xml:70:9-72:59
	android:theme
		ADDED from android - AS/UIAppTemplate/AndroidManifest.xml:72:13-56
	android:name
		ADDED from android - AS/UIAppTemplate/AndroidManifest.xml:71:13-50
activity#com.csform.android.uiapptemplate.SearchBarsActivity
ADDED from android - AS/UIAppTemplate/AndroidManifest.xml:74:9-56
	android:name
		ADDED from android - AS/UIAppTemplate/AndroidManifest.xml:74:19-53
activity#com.csform.android.uiapptemplate.SearchBarShopActivity
ADDED from android - AS/UIAppTemplate/AndroidManifest.xml:75:9-77:57
	android:windowSoftInputMode
		ADDED from android - AS/UIAppTemplate/AndroidManifest.xml:77:13-54
	android:name
		ADDED from android - AS/UIAppTemplate/AndroidManifest.xml:76:13-50
activity#com.csform.android.uiapptemplate.SearchBarMediaActivity
ADDED from android - AS/UIAppTemplate/AndroidManifest.xml:78:9-80:57
	android:windowSoftInputMode
		ADDED from android - AS/UIAppTemplate/AndroidManifest.xml:80:13-54
	android:name
		ADDED from android - AS/UIAppTemplate/AndroidManifest.xml:79:13-51
activity#com.csform.android.uiapptemplate.CategoriesListViewActivity
ADDED from android - AS/UIAppTemplate/AndroidManifest.xml:81:9-64
	android:name
		ADDED from android - AS/UIAppTemplate/AndroidManifest.xml:81:19-61
activity#com.csform.android.uiapptemplate.DragAndDropSocialActivity
ADDED from android - AS/UIAppTemplate/AndroidManifest.xml:82:9-63
	android:name
		ADDED from android - AS/UIAppTemplate/AndroidManifest.xml:82:19-60
activity#com.csform.android.uiapptemplate.DragAndDropMediaActivity
ADDED from android - AS/UIAppTemplate/AndroidManifest.xml:83:9-62
	android:name
		ADDED from android - AS/UIAppTemplate/AndroidManifest.xml:83:19-59
activity#com.csform.android.uiapptemplate.DragAndDropShopActivity
ADDED from android - AS/UIAppTemplate/AndroidManifest.xml:84:9-61
	android:name
		ADDED from android - AS/UIAppTemplate/AndroidManifest.xml:84:19-58
activity#com.csform.android.uiapptemplate.view.FullscreenVideo
ADDED from android - AS/UIAppTemplate/AndroidManifest.xml:85:9-87:80
	android:theme
		ADDED from android - AS/UIAppTemplate/AndroidManifest.xml:87:13-77
	android:name
		ADDED from android - AS/UIAppTemplate/AndroidManifest.xml:86:13-49
activity#com.csform.android.uiapptemplate.DragAndDropTravelActivity
ADDED from android - AS/UIAppTemplate/AndroidManifest.xml:88:9-63
	android:name
		ADDED from android - AS/UIAppTemplate/AndroidManifest.xml:88:19-60
activity#com.csform.android.uiapptemplate.SwipToDissmissListViewActivity
ADDED from android - AS/UIAppTemplate/AndroidManifest.xml:89:9-68
	android:name
		ADDED from android - AS/UIAppTemplate/AndroidManifest.xml:89:19-65
activity#com.csform.android.uiapptemplate.SwipToDissmissMediaActivity
ADDED from android - AS/UIAppTemplate/AndroidManifest.xml:90:9-65
	android:name
		ADDED from android - AS/UIAppTemplate/AndroidManifest.xml:90:19-62
activity#com.csform.android.uiapptemplate.SwipToDissmissShopActivity
ADDED from android - AS/UIAppTemplate/AndroidManifest.xml:91:9-64
	android:name
		ADDED from android - AS/UIAppTemplate/AndroidManifest.xml:91:19-61
activity#com.csform.android.uiapptemplate.GoogleCardsActivity
ADDED from android - AS/UIAppTemplate/AndroidManifest.xml:92:9-57
	android:name
		ADDED from android - AS/UIAppTemplate/AndroidManifest.xml:92:19-54
activity#com.csform.android.uiapptemplate.GoogleCardsTravelActivity
ADDED from android - AS/UIAppTemplate/AndroidManifest.xml:93:9-63
	android:name
		ADDED from android - AS/UIAppTemplate/AndroidManifest.xml:93:19-60
activity#com.csform.android.uiapptemplate.GoogleCardsMediaActivity
ADDED from android - AS/UIAppTemplate/AndroidManifest.xml:94:9-62
	android:name
		ADDED from android - AS/UIAppTemplate/AndroidManifest.xml:94:19-59
activity#com.csform.android.uiapptemplate.GoogleCardsShopActivity
ADDED from android - AS/UIAppTemplate/AndroidManifest.xml:95:9-61
	android:name
		ADDED from android - AS/UIAppTemplate/AndroidManifest.xml:95:19-58
activity#com.csform.android.uiapptemplate.GoogleCardsSocialActivity
ADDED from android - AS/UIAppTemplate/AndroidManifest.xml:96:9-63
	android:name
		ADDED from android - AS/UIAppTemplate/AndroidManifest.xml:96:19-60
activity#com.csform.android.uiapptemplate.ExpandableListViewActivity
ADDED from android - AS/UIAppTemplate/AndroidManifest.xml:97:9-64
	android:name
		ADDED from android - AS/UIAppTemplate/AndroidManifest.xml:97:19-61
activity#com.csform.android.uiapptemplate.ExpandableMediaListViewActivity
ADDED from android - AS/UIAppTemplate/AndroidManifest.xml:98:9-69
	android:name
		ADDED from android - AS/UIAppTemplate/AndroidManifest.xml:98:19-66
activity#com.csform.android.uiapptemplate.ExpandableSocialListViewActivity
ADDED from android - AS/UIAppTemplate/AndroidManifest.xml:99:9-70
	android:name
		ADDED from android - AS/UIAppTemplate/AndroidManifest.xml:99:19-67
activity#com.csform.android.uiapptemplate.ExpandableTravelListViewActivity
ADDED from android - AS/UIAppTemplate/AndroidManifest.xml:100:9-70
	android:name
		ADDED from android - AS/UIAppTemplate/AndroidManifest.xml:100:19-67
activity#com.csform.android.uiapptemplate.ExpandableShopListViewActivity
ADDED from android - AS/UIAppTemplate/AndroidManifest.xml:101:9-68
	android:name
		ADDED from android - AS/UIAppTemplate/AndroidManifest.xml:101:19-65
activity#com.csform.android.uiapptemplate.StickyListHeadersActivity
ADDED from android - AS/UIAppTemplate/AndroidManifest.xml:102:9-63
	android:name
		ADDED from android - AS/UIAppTemplate/AndroidManifest.xml:102:19-60
activity#com.csform.android.uiapptemplate.DialogUniversalInfoActivity
ADDED from android - AS/UIAppTemplate/AndroidManifest.xml:103:9-65
	android:name
		ADDED from android - AS/UIAppTemplate/AndroidManifest.xml:103:19-62
activity#com.csform.android.uiapptemplate.DialogMediaActivity
ADDED from android - AS/UIAppTemplate/AndroidManifest.xml:104:9-57
	android:name
		ADDED from android - AS/UIAppTemplate/AndroidManifest.xml:104:19-54
activity#com.csform.android.uiapptemplate.DialogTravelActivity
ADDED from android - AS/UIAppTemplate/AndroidManifest.xml:105:9-58
	android:name
		ADDED from android - AS/UIAppTemplate/AndroidManifest.xml:105:19-55
activity#com.csform.android.uiapptemplate.DialogShopActivity
ADDED from android - AS/UIAppTemplate/AndroidManifest.xml:106:9-56
	android:name
		ADDED from android - AS/UIAppTemplate/AndroidManifest.xml:106:19-53
activity#com.csform.android.uiapptemplate.DialogSocialActivity
ADDED from android - AS/UIAppTemplate/AndroidManifest.xml:107:9-58
	android:name
		ADDED from android - AS/UIAppTemplate/AndroidManifest.xml:107:19-55
activity#com.csform.android.uiapptemplate.DialogUniversalWarningActivity
ADDED from android - AS/UIAppTemplate/AndroidManifest.xml:109:9-68
	android:name
		ADDED from android - AS/UIAppTemplate/AndroidManifest.xml:109:19-65
activity#com.csform.android.uiapptemplate.WizardTravelActivity
ADDED from android - AS/UIAppTemplate/AndroidManifest.xml:111:9-115:70
	android:screenOrientation
		ADDED from android - AS/UIAppTemplate/AndroidManifest.xml:113:13-49
	android:windowSoftInputMode
		ADDED from android - AS/UIAppTemplate/AndroidManifest.xml:115:13-67
	android:theme
		ADDED from android - AS/UIAppTemplate/AndroidManifest.xml:114:13-48
	android:name
		ADDED from android - AS/UIAppTemplate/AndroidManifest.xml:112:13-49
activity#com.csform.android.uiapptemplate.WizardMediaActivity
ADDED from android - AS/UIAppTemplate/AndroidManifest.xml:116:9-120:70
	android:screenOrientation
		ADDED from android - AS/UIAppTemplate/AndroidManifest.xml:118:13-49
	android:windowSoftInputMode
		ADDED from android - AS/UIAppTemplate/AndroidManifest.xml:120:13-67
	android:theme
		ADDED from android - AS/UIAppTemplate/AndroidManifest.xml:119:13-48
	android:name
		ADDED from android - AS/UIAppTemplate/AndroidManifest.xml:117:13-48
activity#com.csform.android.uiapptemplate.WizardShopActivity
ADDED from android - AS/UIAppTemplate/AndroidManifest.xml:121:9-125:70
	android:screenOrientation
		ADDED from android - AS/UIAppTemplate/AndroidManifest.xml:123:13-49
	android:windowSoftInputMode
		ADDED from android - AS/UIAppTemplate/AndroidManifest.xml:125:13-67
	android:theme
		ADDED from android - AS/UIAppTemplate/AndroidManifest.xml:124:13-48
	android:name
		ADDED from android - AS/UIAppTemplate/AndroidManifest.xml:122:13-47
activity#com.csform.android.uiapptemplate.WizardSocialActivity
ADDED from android - AS/UIAppTemplate/AndroidManifest.xml:126:9-130:70
	android:screenOrientation
		ADDED from android - AS/UIAppTemplate/AndroidManifest.xml:128:13-49
	android:windowSoftInputMode
		ADDED from android - AS/UIAppTemplate/AndroidManifest.xml:130:13-67
	android:theme
		ADDED from android - AS/UIAppTemplate/AndroidManifest.xml:129:13-48
	android:name
		ADDED from android - AS/UIAppTemplate/AndroidManifest.xml:127:13-49
activity#com.csform.android.uiapptemplate.WizardUniversalActivity
ADDED from android - AS/UIAppTemplate/AndroidManifest.xml:131:9-135:70
	android:screenOrientation
		ADDED from android - AS/UIAppTemplate/AndroidManifest.xml:133:13-49
	android:windowSoftInputMode
		ADDED from android - AS/UIAppTemplate/AndroidManifest.xml:135:13-67
	android:theme
		ADDED from android - AS/UIAppTemplate/AndroidManifest.xml:134:13-48
	android:name
		ADDED from android - AS/UIAppTemplate/AndroidManifest.xml:132:13-52
activity#com.csform.android.uiapptemplate.TabMediaActivity
ADDED from android - AS/UIAppTemplate/AndroidManifest.xml:136:9-140:70
	android:screenOrientation
		ADDED from android - AS/UIAppTemplate/AndroidManifest.xml:138:13-49
	android:windowSoftInputMode
		ADDED from android - AS/UIAppTemplate/AndroidManifest.xml:140:13-67
	android:theme
		ADDED from android - AS/UIAppTemplate/AndroidManifest.xml:139:13-48
	android:name
		ADDED from android - AS/UIAppTemplate/AndroidManifest.xml:137:13-45
activity#com.csform.android.uiapptemplate.TabShopActivity
ADDED from android - AS/UIAppTemplate/AndroidManifest.xml:141:9-145:70
	android:screenOrientation
		ADDED from android - AS/UIAppTemplate/AndroidManifest.xml:143:13-49
	android:windowSoftInputMode
		ADDED from android - AS/UIAppTemplate/AndroidManifest.xml:145:13-67
	android:theme
		ADDED from android - AS/UIAppTemplate/AndroidManifest.xml:144:13-48
	android:name
		ADDED from android - AS/UIAppTemplate/AndroidManifest.xml:142:13-44
activity#com.csform.android.uiapptemplate.TabSocialActivity
ADDED from android - AS/UIAppTemplate/AndroidManifest.xml:146:9-150:70
	android:screenOrientation
		ADDED from android - AS/UIAppTemplate/AndroidManifest.xml:148:13-49
	android:windowSoftInputMode
		ADDED from android - AS/UIAppTemplate/AndroidManifest.xml:150:13-67
	android:theme
		ADDED from android - AS/UIAppTemplate/AndroidManifest.xml:149:13-48
	android:name
		ADDED from android - AS/UIAppTemplate/AndroidManifest.xml:147:13-46
activity#com.csform.android.uiapptemplate.MainActivity
ADDED from android - AS/UIAppTemplate/AndroidManifest.xml:151:9-155:16
	android:screenOrientation
		ADDED from android - AS/UIAppTemplate/AndroidManifest.xml:153:13-49
	android:theme
		ADDED from android - AS/UIAppTemplate/AndroidManifest.xml:154:13-48
	android:name
		ADDED from android - AS/UIAppTemplate/AndroidManifest.xml:152:13-41
activity#com.csform.android.uiapptemplate.TabUniversalActivity
ADDED from android - AS/UIAppTemplate/AndroidManifest.xml:157:9-161:70
	android:screenOrientation
		ADDED from android - AS/UIAppTemplate/AndroidManifest.xml:159:13-49
	android:windowSoftInputMode
		ADDED from android - AS/UIAppTemplate/AndroidManifest.xml:161:13-67
	android:theme
		ADDED from android - AS/UIAppTemplate/AndroidManifest.xml:160:13-48
	android:name
		ADDED from android - AS/UIAppTemplate/AndroidManifest.xml:158:13-49
meta-data#com.google.android.gms.version
ADDED from android - AS/UIAppTemplate/AndroidManifest.xml:166:9-168:69
MERGED from [com.google.android.gms:play-services-basement:8.4.0] AndroidManifest.xml:21:9-23:69
	android:value
		ADDED from android - AS/UIAppTemplate/AndroidManifest.xml:168:13-66
	android:name
		ADDED from android - AS/UIAppTemplate/AndroidManifest.xml:167:13-58
activity#com.csform.android.uiapptemplate.MenuDragger
ADDED from android - AS/UIAppTemplate/AndroidManifest.xml:170:9-172:76
	android:label
		ADDED from android - AS/UIAppTemplate/AndroidManifest.xml:172:13-64
	android:name
		ADDED from android - AS/UIAppTemplate/AndroidManifest.xml:171:13-40